     1 00000000                                 ; haribote-os boot asm
     2 00000000                                 ; TAB=4
     3 00000000                                 
     4 00000000                                 [INSTRSET "i486p"]				; 486명령까지 사용하고 싶다고 하는 기술
     5 00000000                                 
     6  = 00000105                              VBEMODE	EQU		0x105			; 1024 x  768 x 8 bit 칼라
     7 00000000                                 ; (화면 모드 일람)
     8 00000000                                 ;	0x100 :  640 x  400 x 8 bit 칼라
     9 00000000                                 ;	0x101 :  640 x  480 x 8 bit 칼라
    10 00000000                                 ;	0x103 :  800 x  600 x 8 bit 칼라
    11 00000000                                 ;	0x105 : 1024 x  768 x 8 bit 칼라
    12 00000000                                 ;	0x107 : 1280 x 1024 x 8 bit 칼라
    13 00000000                                 
    14  = 00280000                              BOTPAK	EQU		0x00280000		; bootpack의 로드 장소
    15  = 00100000                              DSKCAC	EQU		0x00100000		; 디스크 캐쉬 프로그램의 장소
    16  = 00008000                              DSKCAC0	EQU		0x00008000		; 디스크 캐쉬 프로그램의 장소(리얼모드)
    17 00000000                                 
    18 00000000                                 ; BOOT_INFO 관계
    19  = 00000FF0                              CYLS	EQU		0x0ff0			; boot sector가 설정한다
    20  = 00000FF1                              LEDS	EQU		0x0ff1
    21  = 00000FF2                              VMODE	EQU		0x0ff2			; 색 가지수에 관한 정보.어떤 비트 칼라인가?
    22  = 00000FF4                              SCRNX	EQU		0x0ff4			; 해상도 X
    23  = 00000FF6                              SCRNY	EQU		0x0ff6			; 해상도 Y
    24  = 00000FF8                              VRAM	EQU		0x0ff8			; 그래픽 버퍼의 개시 번지
    25 00000000                                 
    26                                          		ORG		0xc200		; 이 프로그램이 어디에 Read되는가
    27 0000C200                                 		
    28 0000C200                                 ; VBE 존재 확인
    29 0000C200                                 	
    30 0000C200 B8 9000                         		MOV		AX, 0x9000
    31 0000C203 8E C0                           		MOV		ES, AX
    32 0000C205 BF 0000                         		MOV		DI, 0
    33 0000C208 B8 4F00                         		MOV		AX, 0x4f00
    34 0000C20B CD 10                           		INT		0x10
    35 0000C20D 3D 004F                         		CMP		AX, 0x004f
    36 0000C210 75 52                           		JNE		scrn320
    37 0000C212                                 		
    38 0000C212                                 ; VBE의 버전 체크
    39 0000C212                                 	
    40 0000C212 26 8B 45 04                     		MOV		AX, [ES:DI+4]
    41 0000C216 3D 0200                         		CMP		AX, 0x0200
    42 0000C219 72 49                           		JB		scrn320
    43 0000C21B                                 				
    44 0000C21B                                 ; 화면 모드 정보를 얻는다.
    45 0000C21B                                 
    46 0000C21B B9 0105                         		MOV		CX, VBEMODE
    47 0000C21E B8 4F01                         		MOV		AX, 0x4f01
    48 0000C221 CD 10                           		INT		0x10
    49 0000C223 3D 004F                         		CMP		AX, 0x004f
    50 0000C226 75 3C                           		JNE		scrn320
    51 0000C228                                 		
    52 0000C228                                 ; 화면 모드 정보의 확인
    53 0000C228                                 
    54 0000C228 26 80 7D 19 08                  		CMP		BYTE [ES:DI+0x19], 8
    55 0000C22D 75 35                           		JNE		scrn320
    56 0000C22F 26 80 7D 1B 04                  		CMP		BYTE [ES:DI+0x1b], 4
    57 0000C234 75 2E                           		JNE		scrn320
    58 0000C236 26 8B 05                        		MOV		AX, [ES:DI+0x00]
    59 0000C239 25 0080                         		AND		AX, 0x0080
    60 0000C23C 74 26                           		JZ		scrn320		; 모드 속성의 bit7이 0이었으므로 포기한다.
    61 0000C23E                                 
    62 0000C23E                                 ; 화면 모드의 변환
    63 0000C23E                                 
    64 0000C23E BB 4105                         	MOV		BX, VBEMODE+0x4000
    65 0000C241 B8 4F02                         	MOV		AX, 0x4f02
    66 0000C244 CD 10                           	INT 	0x10
    67 0000C246 C6 06 0FF2 08                   	MOV		BYTE [VMODE], 8		;화면 모드를 write(c언어가 참조한다)
    68 0000C24B 26 8B 45 12                     	MOV		AX, [ES:DI+0x12]
    69 0000C24F A3 0FF4                         	MOV		[SCRNX], AX
    70 0000C252 26 8B 45 14                     	MOV		AX, [ES:DI+0x14]
    71 0000C256 A3 0FF6                         	MOV		[SCRNY], AX
    72 0000C259 66 26 8B 45 28                  	MOV		EAX, [ES:DI+0x28]
    73 0000C25E 66 A3 0FF8                      	MOV		[VRAM], EAX
    74 0000C262 EB 20                           	JMP		keystatus
    75 0000C264                                 		
    76 0000C264                                 scrn320:
    77 0000C264 B0 13                           		MOV		AL, 0x13	; VGA 그래픽스, 320x200x8bit컬러
    78 0000C266 B4 00                           		MOV		AH, 0x00
    79 0000C268 CD 10                           		INT		0x10
    80 0000C26A C6 06 0FF2 08                   		MOV		BYTE[VMODE], 8	; 화면 모드 쓰기 (c언어가 참조한다)
    81 0000C26F C7 06 0FF4 0140                 		MOV		WORD[SCRNX], 320
    82 0000C275 C7 06 0FF6 00C8                 		MOV		WORD[SCRNY], 200
    83 0000C27B 66 C7 06 0FF8 000A0000          		MOV		DWORD[VRAM], 0x000a0000
    84 0000C284                                 		
    85 0000C284                                 ; 키보드의 LED 상태를 BIOS가 알려준다
    86 0000C284                                 
    87 0000C284                                 keystatus:
    88 0000C284 B4 02                           		MOV		AH,0x02
    89 0000C286 CD 16                           		INT		0x16 		; keyboard BIOS
    90 0000C288 A2 0FF1                         		MOV		[LEDS],AL
    91 0000C28B                                 
    92 0000C28B                                 ; PIC가 일절의 인터럽트를 받아들이지 않게 한다
    93 0000C28B                                 ;	AT호환기의 사양에서는 PIC의 초기화를 한다면,
    94 0000C28B                                 ;	이것들을 CLI앞에 해 두지 않으면 이따금 행업 한다
    95 0000C28B                                 ;	PIC의 초기화는 나중에 한다
    96 0000C28B                                 
    97 0000C28B B0 FF                           		MOV		AL,0xff
    98 0000C28D E6 21                           		OUT		0x21,AL
    99 0000C28F 90                              		NOP				; OUT명령을 연속하면 잘 되지 않는 기종이 있는 것 같기 때문에
   100 0000C290 E6 A1                           		OUT		0xa1,AL
   101 0000C292                                 
   102 0000C292 FA                              		CLI				; CPU레벨에서도 인터럽트 금지
   103 0000C293                                 
   104 0000C293                                 ; CPU로부터 1MB이상의 메모리에 액세스 할 수 있도록, A20GATE를 설정
   105 0000C293                                 
   106 0000C293 E8 00B5                         		CALL	waitkbdout
   107 0000C296 B0 D1                           		MOV		AL,0xd1
   108 0000C298 E6 64                           		OUT		0x64,AL
   109 0000C29A E8 00AE                         		CALL	waitkbdout
   110 0000C29D B0 DF                           		MOV		AL, 0xdf	; enable A20
   111 0000C29F E6 60                           		OUT		0x60,AL
   112 0000C2A1 E8 00A7                         		CALL	waitkbdout
   113 0000C2A4                                 
   114 0000C2A4                                 ; 프로텍트 모드 이행
   115 0000C2A4                                 
   116 0000C2A4 0F 01 16 C38A                   		LGDT	[GDTR0]			; 잠정 GDT를 설정
   117 0000C2A9 0F 20 C0                        		MOV		EAX,CR0
   118 0000C2AC 66 25 7FFFFFFF                  		AND		EAX, 0x7fffffff	; bit31를 0으로 한다(페이징 금지를 위해)
   119 0000C2B2 66 83 C8 01                     		OR		EAX, 0x00000001	; bit0를 1로 한다(프로텍트 모드 이행이므로)
   120 0000C2B6 0F 22 C0                        		MOV		CR0,EAX
   121 0000C2B9 EB 00                           		JMP		pipelineflush
   122 0000C2BB                                 pipelineflush:
   123 0000C2BB B8 0008                         		MOV		AX,1*8		; read, write 가능 세그먼트(segment) 32bit
   124 0000C2BE 8E D8                           		MOV		DS,AX
   125 0000C2C0 8E C0                           		MOV		ES,AX
   126 0000C2C2 8E E0                           		MOV		FS,AX
   127 0000C2C4 8E E8                           		MOV		GS,AX
   128 0000C2C6 8E D0                           		MOV		SS,AX
   129 0000C2C8                                 
   130 0000C2C8                                 ; bootpack의 전송
   131 0000C2C8                                 
   132 0000C2C8 66 BE 0000C390                  		MOV		ESI, bootpack	; 전송원
   133 0000C2CE 66 BF 00280000                  		MOV		EDI, BOTPAK	; 전송처
   134 0000C2D4 66 B9 00020000                  		MOV		ECX,512*1024/4
   135 0000C2DA E8 0077                         		CALL	memcpy
   136 0000C2DD                                 
   137 0000C2DD                                 ; 하는 김에 디스크 데이터도 본래의 위치에 전송
   138 0000C2DD                                 
   139 0000C2DD                                 ; 우선은 boot sector로부터
   140 0000C2DD                                 
   141 0000C2DD 66 BE 00007C00                  		MOV		ESI, 0x7c00	; 전송원
   142 0000C2E3 66 BF 00100000                  		MOV		EDI, DSKCAC	; 전송처
   143 0000C2E9 66 B9 00000080                  		MOV		ECX,512/4
   144 0000C2EF E8 0062                         		CALL	memcpy
   145 0000C2F2                                 
   146 0000C2F2                                 ; 나머지 전부
   147 0000C2F2                                 
   148 0000C2F2 66 BE 00008200                  		MOV		ESI, DSKCAC0+512; 전송원
   149 0000C2F8 66 BF 00100200                  		MOV		EDI, DSKCAC+512	; 전송처
   150 0000C2FE 66 B9 00000000                  		MOV		ECX,0
   151 0000C304 8A 0E 0FF0                      		MOV		CL,BYTE [CYLS]
   152 0000C308 66 69 C9 00001200               		IMUL	ECX,512*18*2/4		; 실린더수로부터 바이트수/4로 변환
   153 0000C30F 66 81 E9 00000080               		SUB		ECX,512/4	; IPL분만큼 공제한다
   154 0000C316 E8 003B                         		CALL	memcpy
   155 0000C319                                 
   156 0000C319                                 ; asmhead로 해야 하는 것은 전부 다 했으므로,
   157 0000C319                                 ;	나머지는 bootpack에 맡긴다
   158 0000C319                                 
   159 0000C319                                 ; bootpack의 기동
   160 0000C319                                 
   161 0000C319 66 BB 00280000                  		MOV		EBX,BOTPAK
   162 0000C31F 67 66 8B 4B 10                  		MOV		ECX,[EBX+16]
   163 0000C324 66 83 C1 03                     		ADD		ECX, 3		; ECX += 3;
   164 0000C328 66 C1 E9 02                     		SHR		ECX, 2		; ECX /= 4;
   165 0000C32C 74 10                           		JZ		skip		; 전송해야 할 것이 없다
   166 0000C32E 67 66 8B 73 14                  		MOV		ESI,[EBX+20]	; 전송원
   167 0000C333 66 01 DE                        		ADD		ESI,EBX
   168 0000C336 67 66 8B 7B 0C                  		MOV		EDI,[EBX+12]	; 전송처
   169 0000C33B E8 0016                         		CALL	memcpy
   170 0000C33E                                 skip:
   171 0000C33E 67 66 8B 63 0C                  		MOV		ESP,[EBX+12]	; 스택 초기치
   172 0000C343 66 EA 0000001B 0010             		JMP		DWORD 2*8:0x0000001b
   173 0000C34B                                 
   174 0000C34B                                 waitkbdout:
   175 0000C34B E4 64                           		IN		 AL,0x64
   176 0000C34D 24 02                           		AND		 AL,0x02
   177 0000C34F E4 60                           		IN		 AL, 0x60 	; 빈 데이터 Read(수신 버퍼가 나쁜짓을 못하게)
   178 0000C351 75 F8                           		JNZ		waitkbdout	; AND결과가 0이 아니면 waitkbdout에
   179 0000C353 C3                              		RET
   180 0000C354                                 
   181 0000C354                                 memcpy:
   182 0000C354 67 66 8B 06                     		MOV		EAX,[ESI]
   183 0000C358 66 83 C6 04                     		ADD		ESI,4
   184 0000C35C 67 66 89 07                     		MOV		[EDI],EAX
   185 0000C360 66 83 C7 04                     		ADD		EDI,4
   186 0000C364 66 83 E9 01                     		SUB		ECX,1
   187 0000C368 75 EA                           		JNZ		memcpy		; 뺄셈 한 결과가 0이 아니면 memcpy에
   188 0000C36A C3                              		RET
   189 0000C36B                                 ; memcpy는 주소 사이즈 prefix를 넣은 것을 잊지 않으면, string 명령에서도 쓸 수 있다
   190 0000C36B                                 
   191 0000C36B 00 00 00 00 00                  		ALIGNB	16
   192 0000C370                                 GDT0:
   193 0000C370 00 00 00 00 00 00 00 00         		RESB	8			; null selector
   194 0000C378 FFFF 0000 9200 00CF             		DW		0xffff, 0x0000, 0x9200, 0x00cf	; read/write 가능 세그먼트(segment) 32bit
   195 0000C380 FFFF 0000 9A28 0047             		DW		0xffff, 0x0000, 0x9a28, 0x0047	; 실행 가능 세그먼트(segment) 32 bit(bootpack용)
   196 0000C388                                 
   197 0000C388 0000                            		DW		0
   198 0000C38A                                 GDTR0:
   199 0000C38A 0017                            		DW		8*3-1
   200 0000C38C 0000C370                        		DD		GDT0
   201 0000C390                                 
   202 0000C390                                 		ALIGNB	16
   203 0000C390                                 bootpack:
