     1 00000000                                 [FORMAT "WCOFF"]
     2 00000000                                 [INSTRSET "i486p"]
     3 00000000                                 [OPTIMIZE 1]
     4 00000000                                 [OPTION 1]
     5 00000000                                 [BITS 32]
     6 00000000                                 	EXTERN	_load_gdtr
     7 00000000                                 	EXTERN	_load_idtr
     8 00000000                                 	EXTERN	_asm_inthandler21
     9 00000000                                 	EXTERN	_asm_inthandler2c
    10 00000000                                 [FILE "dsctbl.c"]
    11                                          [SECTION .text]
    12 00000000                                 	GLOBAL	_init_gdtidt
    13 00000000                                 _init_gdtidt:
    14 00000000 55                              	PUSH	EBP
    15 00000001 89 E5                           	MOV	EBP,ESP
    16 00000003 56                              	PUSH	ESI
    17 00000004 53                              	PUSH	EBX
    18 00000005 BE 00270000                     	MOV	ESI,2555904
    19 0000000A BB 00001FFF                     	MOV	EBX,8191
    20 0000000F                                 L6:
    21 0000000F 6A 00                           	PUSH	0
    22 00000011 6A 00                           	PUSH	0
    23 00000013 6A 00                           	PUSH	0
    24 00000015 56                              	PUSH	ESI
    25 00000016 83 C6 08                        	ADD	ESI,8
    26 00000019 E8 000000A7                     	CALL	_set_segmdesc
    27 0000001E 83 C4 10                        	ADD	ESP,16
    28 00000021 4B                              	DEC	EBX
    29 00000022 79 EB                           	JNS	L6
    30 00000024 68 00004092                     	PUSH	16530
    31 00000029 BE 0026F800                     	MOV	ESI,2553856
    32 0000002E 6A 00                           	PUSH	0
    33 00000030 BB 000000FF                     	MOV	EBX,255
    34 00000035 6A FF                           	PUSH	-1
    35 00000037 68 00270008                     	PUSH	2555912
    36 0000003C E8 00000084                     	CALL	_set_segmdesc
    37 00000041 68 0000409A                     	PUSH	16538
    38 00000046 68 00280000                     	PUSH	2621440
    39 0000004B 68 0007FFFF                     	PUSH	524287
    40 00000050 68 00270010                     	PUSH	2555920
    41 00000055 E8 0000006B                     	CALL	_set_segmdesc
    42 0000005A 83 C4 20                        	ADD	ESP,32
    43 0000005D 68 00270000                     	PUSH	2555904
    44 00000062 68 0000FFFF                     	PUSH	65535
    45 00000067 E8 [00000000]                   	CALL	_load_gdtr
    46 0000006C 58                              	POP	EAX
    47 0000006D 5A                              	POP	EDX
    48 0000006E                                 L11:
    49 0000006E 6A 00                           	PUSH	0
    50 00000070 6A 00                           	PUSH	0
    51 00000072 6A 00                           	PUSH	0
    52 00000074 56                              	PUSH	ESI
    53 00000075 83 C6 08                        	ADD	ESI,8
    54 00000078 E8 00000092                     	CALL	_set_gatedesc
    55 0000007D 83 C4 10                        	ADD	ESP,16
    56 00000080 4B                              	DEC	EBX
    57 00000081 79 EB                           	JNS	L11
    58 00000083 68 0026F800                     	PUSH	2553856
    59 00000088 68 000007FF                     	PUSH	2047
    60 0000008D E8 [00000000]                   	CALL	_load_idtr
    61 00000092 68 0000008E                     	PUSH	142
    62 00000097 6A 10                           	PUSH	16
    63 00000099 68 [00000000]                   	PUSH	_asm_inthandler21
    64 0000009E 68 0026F908                     	PUSH	2554120
    65 000000A3 E8 00000067                     	CALL	_set_gatedesc
    66 000000A8 68 0000008E                     	PUSH	142
    67 000000AD 6A 10                           	PUSH	16
    68 000000AF 68 [00000000]                   	PUSH	_asm_inthandler2c
    69 000000B4 68 0026F960                     	PUSH	2554208
    70 000000B9 E8 00000051                     	CALL	_set_gatedesc
    71 000000BE 8D 65 F8                        	LEA	ESP,DWORD [-8+EBP]
    72 000000C1 5B                              	POP	EBX
    73 000000C2 5E                              	POP	ESI
    74 000000C3 5D                              	POP	EBP
    75 000000C4 C3                              	RET
    76 000000C5                                 	GLOBAL	_set_segmdesc
    77 000000C5                                 _set_segmdesc:
    78 000000C5 55                              	PUSH	EBP
    79 000000C6 89 E5                           	MOV	EBP,ESP
    80 000000C8 53                              	PUSH	EBX
    81 000000C9 8B 55 0C                        	MOV	EDX,DWORD [12+EBP]
    82 000000CC 8B 4D 10                        	MOV	ECX,DWORD [16+EBP]
    83 000000CF 8B 5D 08                        	MOV	EBX,DWORD [8+EBP]
    84 000000D2 8B 45 14                        	MOV	EAX,DWORD [20+EBP]
    85 000000D5 81 FA 000FFFFF                  	CMP	EDX,1048575
    86 000000DB 76 08                           	JBE	L17
    87 000000DD C1 EA 0C                        	SHR	EDX,12
    88 000000E0 0D 00008000                     	OR	EAX,32768
    89 000000E5                                 L17:
    90 000000E5 66 89 13                        	MOV	WORD [EBX],DX
    91 000000E8 88 43 05                        	MOV	BYTE [5+EBX],AL
    92 000000EB C1 EA 10                        	SHR	EDX,16
    93 000000EE C1 F8 08                        	SAR	EAX,8
    94 000000F1 83 E2 0F                        	AND	EDX,15
    95 000000F4 66 89 4B 02                     	MOV	WORD [2+EBX],CX
    96 000000F8 83 E0 F0                        	AND	EAX,-16
    97 000000FB C1 F9 10                        	SAR	ECX,16
    98 000000FE 09 C2                           	OR	EDX,EAX
    99 00000100 88 4B 04                        	MOV	BYTE [4+EBX],CL
   100 00000103 88 53 06                        	MOV	BYTE [6+EBX],DL
   101 00000106 C1 F9 08                        	SAR	ECX,8
   102 00000109 88 4B 07                        	MOV	BYTE [7+EBX],CL
   103 0000010C 5B                              	POP	EBX
   104 0000010D 5D                              	POP	EBP
   105 0000010E C3                              	RET
   106 0000010F                                 	GLOBAL	_set_gatedesc
   107 0000010F                                 _set_gatedesc:
   108 0000010F 55                              	PUSH	EBP
   109 00000110 89 E5                           	MOV	EBP,ESP
   110 00000112 53                              	PUSH	EBX
   111 00000113 8B 55 08                        	MOV	EDX,DWORD [8+EBP]
   112 00000116 8B 45 10                        	MOV	EAX,DWORD [16+EBP]
   113 00000119 8B 5D 14                        	MOV	EBX,DWORD [20+EBP]
   114 0000011C 8B 4D 0C                        	MOV	ECX,DWORD [12+EBP]
   115 0000011F 66 89 42 02                     	MOV	WORD [2+EDX],AX
   116 00000123 88 5A 05                        	MOV	BYTE [5+EDX],BL
   117 00000126 66 89 0A                        	MOV	WORD [EDX],CX
   118 00000129 89 D8                           	MOV	EAX,EBX
   119 0000012B C1 F8 08                        	SAR	EAX,8
   120 0000012E C1 F9 10                        	SAR	ECX,16
   121 00000131 88 42 04                        	MOV	BYTE [4+EDX],AL
   122 00000134 66 89 4A 06                     	MOV	WORD [6+EDX],CX
   123 00000138 5B                              	POP	EBX
   124 00000139 5D                              	POP	EBP
   125 0000013A C3                              	RET
