     1 00000000                                 [FORMAT "WCOFF"]
     2 00000000                                 [INSTRSET "i486p"]
     3 00000000                                 [OPTIMIZE 1]
     4 00000000                                 [OPTION 1]
     5 00000000                                 [BITS 32]
     6 00000000                                 	EXTERN	_memman_alloc_4k
     7 00000000                                 	EXTERN	_memman_free_4k
     8 00000000                                 [FILE "sheet.c"]
     9                                          [SECTION .text]
    10 00000000                                 	GLOBAL	_shtctl_init
    11 00000000                                 _shtctl_init:
    12 00000000 55                              	PUSH	EBP
    13 00000001 89 E5                           	MOV	EBP,ESP
    14 00000003 57                              	PUSH	EDI
    15 00000004 56                              	PUSH	ESI
    16 00000005 53                              	PUSH	EBX
    17 00000006 8B 75 08                        	MOV	ESI,DWORD [8+EBP]
    18 00000009 68 00002814                     	PUSH	10260
    19 0000000E 8B 7D 10                        	MOV	EDI,DWORD [16+EBP]
    20 00000011 56                              	PUSH	ESI
    21 00000012 E8 [00000000]                   	CALL	_memman_alloc_4k
    22 00000017 89 C3                           	MOV	EBX,EAX
    23 00000019 58                              	POP	EAX
    24 0000001A 5A                              	POP	EDX
    25 0000001B 85 DB                           	TEST	EBX,EBX
    26 0000001D 74 4A                           	JE	L3
    27 0000001F 8B 45 14                        	MOV	EAX,DWORD [20+EBP]
    28 00000022 0F AF C7                        	IMUL	EAX,EDI
    29 00000025 50                              	PUSH	EAX
    30 00000026 56                              	PUSH	ESI
    31 00000027 E8 [00000000]                   	CALL	_memman_alloc_4k
    32 0000002C 85 C0                           	TEST	EAX,EAX
    33 0000002E 89 43 04                        	MOV	DWORD [4+EBX],EAX
    34 00000031 5A                              	POP	EDX
    35 00000032 59                              	POP	ECX
    36 00000033 74 3E                           	JE	L11
    37 00000035 8B 45 0C                        	MOV	EAX,DWORD [12+EBP]
    38 00000038 89 7B 08                        	MOV	DWORD [8+EBX],EDI
    39 0000003B 89 03                           	MOV	DWORD [EBX],EAX
    40 0000003D 8D 93 000023DC                  	LEA	EDX,DWORD [9180+EBX]
    41 00000043 8B 45 14                        	MOV	EAX,DWORD [20+EBP]
    42 00000046 89 43 0C                        	MOV	DWORD [12+EBX],EAX
    43 00000049 89 D8                           	MOV	EAX,EBX
    44 0000004B C7 43 10 FFFFFFFF               	MOV	DWORD [16+EBX],-1
    45 00000052                                 L9:
    46 00000052 C7 80 00000430 00000000         	MOV	DWORD [1072+EAX],0
    47 0000005C 89 98 00000434                  	MOV	DWORD [1076+EAX],EBX
    48 00000062 83 C0 24                        	ADD	EAX,36
    49 00000065 39 D0                           	CMP	EAX,EDX
    50 00000067 7E E9                           	JLE	L9
    51 00000069                                 L3:
    52 00000069 8D 65 F4                        	LEA	ESP,DWORD [-12+EBP]
    53 0000006C 89 D8                           	MOV	EAX,EBX
    54 0000006E 5B                              	POP	EBX
    55 0000006F 5E                              	POP	ESI
    56 00000070 5F                              	POP	EDI
    57 00000071 5D                              	POP	EBP
    58 00000072 C3                              	RET
    59 00000073                                 L11:
    60 00000073 68 00002814                     	PUSH	10260
    61 00000078 53                              	PUSH	EBX
    62 00000079 56                              	PUSH	ESI
    63 0000007A E8 [00000000]                   	CALL	_memman_free_4k
    64 0000007F 83 C4 0C                        	ADD	ESP,12
    65 00000082 EB E5                           	JMP	L3
    66 00000084                                 	GLOBAL	_sheet_alloc
    67 00000084                                 _sheet_alloc:
    68 00000084 55                              	PUSH	EBP
    69 00000085 31 D2                           	XOR	EDX,EDX
    70 00000087 89 E5                           	MOV	EBP,ESP
    71 00000089 8B 45 08                        	MOV	EAX,DWORD [8+EBP]
    72 0000008C 05 00000414                     	ADD	EAX,1044
    73 00000091                                 L18:
    74 00000091 83 78 1C 00                     	CMP	DWORD [28+EAX],0
    75 00000095 74 10                           	JE	L21
    76 00000097 42                              	INC	EDX
    77 00000098 83 C0 24                        	ADD	EAX,36
    78 0000009B 81 FA 000000FF                  	CMP	EDX,255
    79 000000A1 7E EE                           	JLE	L18
    80 000000A3 31 C0                           	XOR	EAX,EAX
    81 000000A5                                 L12:
    82 000000A5 5D                              	POP	EBP
    83 000000A6 C3                              	RET
    84 000000A7                                 L21:
    85 000000A7 C7 40 1C 00000001               	MOV	DWORD [28+EAX],1
    86 000000AE C7 40 18 FFFFFFFF               	MOV	DWORD [24+EAX],-1
    87 000000B5 EB EE                           	JMP	L12
    88 000000B7                                 	GLOBAL	_sheet_setbuf
    89 000000B7                                 _sheet_setbuf:
    90 000000B7 55                              	PUSH	EBP
    91 000000B8 89 E5                           	MOV	EBP,ESP
    92 000000BA 8B 55 08                        	MOV	EDX,DWORD [8+EBP]
    93 000000BD 8B 45 0C                        	MOV	EAX,DWORD [12+EBP]
    94 000000C0 89 02                           	MOV	DWORD [EDX],EAX
    95 000000C2 8B 45 10                        	MOV	EAX,DWORD [16+EBP]
    96 000000C5 89 42 04                        	MOV	DWORD [4+EDX],EAX
    97 000000C8 8B 45 14                        	MOV	EAX,DWORD [20+EBP]
    98 000000CB 89 42 08                        	MOV	DWORD [8+EDX],EAX
    99 000000CE 8B 45 18                        	MOV	EAX,DWORD [24+EBP]
   100 000000D1 89 42 14                        	MOV	DWORD [20+EDX],EAX
   101 000000D4 5D                              	POP	EBP
   102 000000D5 C3                              	RET
   103 000000D6                                 	GLOBAL	_sheet_updown
   104 000000D6                                 _sheet_updown:
   105 000000D6 55                              	PUSH	EBP
   106 000000D7 89 E5                           	MOV	EBP,ESP
   107 000000D9 57                              	PUSH	EDI
   108 000000DA 56                              	PUSH	ESI
   109 000000DB 53                              	PUSH	EBX
   110 000000DC 51                              	PUSH	ECX
   111 000000DD 8B 7D 08                        	MOV	EDI,DWORD [8+EBP]
   112 000000E0 8B 5D 0C                        	MOV	EBX,DWORD [12+EBP]
   113 000000E3 8B 77 20                        	MOV	ESI,DWORD [32+EDI]
   114 000000E6 8B 47 18                        	MOV	EAX,DWORD [24+EDI]
   115 000000E9 89 45 F0                        	MOV	DWORD [-16+EBP],EAX
   116 000000EC 8B 46 10                        	MOV	EAX,DWORD [16+ESI]
   117 000000EF 40                              	INC	EAX
   118 000000F0 39 C3                           	CMP	EBX,EAX
   119 000000F2 7E 02                           	JLE	L24
   120 000000F4 89 C3                           	MOV	EBX,EAX
   121 000000F6                                 L24:
   122 000000F6 83 FB FF                        	CMP	EBX,-1
   123 000000F9 7D 03                           	JGE	L25
   124 000000FB 83 CB FF                        	OR	EBX,-1
   125 000000FE                                 L25:
   126 000000FE 89 5F 18                        	MOV	DWORD [24+EDI],EBX
   127 00000101 39 5D F0                        	CMP	DWORD [-16+EBP],EBX
   128 00000104 0F 8E 000000C9                  	JLE	L26
   129 0000010A 85 DB                           	TEST	EBX,EBX
   130 0000010C 0F 88 0000009C                  	JS	L27
   131 00000112 8B 4D F0                        	MOV	ECX,DWORD [-16+EBP]
   132 00000115                                 L32:
   133 00000115 8B 44 8E 10                     	MOV	EAX,DWORD [16+ESI+ECX*4]
   134 00000119 89 44 8E 14                     	MOV	DWORD [20+ESI+ECX*4],EAX
   135 0000011D 89 48 18                        	MOV	DWORD [24+EAX],ECX
   136 00000120 49                              	DEC	ECX
   137 00000121 39 D9                           	CMP	ECX,EBX
   138 00000123 7F F0                           	JG	L32
   139 00000125 89 7C 9E 14                     	MOV	DWORD [20+ESI+EBX*4],EDI
   140 00000129 43                              	INC	EBX
   141 0000012A 53                              	PUSH	EBX
   142 0000012B 8B 4F 10                        	MOV	ECX,DWORD [16+EDI]
   143 0000012E 89 C8                           	MOV	EAX,ECX
   144 00000130 03 47 08                        	ADD	EAX,DWORD [8+EDI]
   145 00000133 50                              	PUSH	EAX
   146 00000134 8B 57 0C                        	MOV	EDX,DWORD [12+EDI]
   147 00000137 89 D0                           	MOV	EAX,EDX
   148 00000139 03 47 04                        	ADD	EAX,DWORD [4+EDI]
   149 0000013C 50                              	PUSH	EAX
   150 0000013D 51                              	PUSH	ECX
   151 0000013E 52                              	PUSH	EDX
   152 0000013F 56                              	PUSH	ESI
   153 00000140 E8 00000296                     	CALL	_sheet_refreshmap
   154 00000145 FF 75 F0                        	PUSH	DWORD [-16+EBP]
   155 00000148 53                              	PUSH	EBX
   156 00000149 8B 4F 10                        	MOV	ECX,DWORD [16+EDI]
   157 0000014C 89 C8                           	MOV	EAX,ECX
   158 0000014E 03 47 08                        	ADD	EAX,DWORD [8+EDI]
   159 00000151 50                              	PUSH	EAX
   160 00000152 8B 57 0C                        	MOV	EDX,DWORD [12+EDI]
   161 00000155 89 D0                           	MOV	EAX,EDX
   162 00000157 03 47 04                        	ADD	EAX,DWORD [4+EDI]
   163 0000015A 50                              	PUSH	EAX
   164 0000015B 51                              	PUSH	ECX
   165 0000015C 52                              	PUSH	EDX
   166 0000015D 56                              	PUSH	ESI
   167 0000015E E8 00000115                     	CALL	_sheet_refreshsub
   168 00000163 83 C4 34                        	ADD	ESP,52
   169 00000166                                 L33:
   170 00000166 6A 00                           	PUSH	0
   171 00000168 8B 4F 10                        	MOV	ECX,DWORD [16+EDI]
   172 0000016B 89 C8                           	MOV	EAX,ECX
   173 0000016D 03 47 08                        	ADD	EAX,DWORD [8+EDI]
   174 00000170 50                              	PUSH	EAX
   175 00000171 8B 57 0C                        	MOV	EDX,DWORD [12+EDI]
   176 00000174 89 D0                           	MOV	EAX,EDX
   177 00000176 03 47 04                        	ADD	EAX,DWORD [4+EDI]
   178 00000179 50                              	PUSH	EAX
   179 0000017A 51                              	PUSH	ECX
   180 0000017B 52                              	PUSH	EDX
   181 0000017C 56                              	PUSH	ESI
   182 0000017D E8 00000259                     	CALL	_sheet_refreshmap
   183 00000182 8B 45 F0                        	MOV	EAX,DWORD [-16+EBP]
   184 00000185 48                              	DEC	EAX
   185 00000186 50                              	PUSH	EAX
   186 00000187 6A 00                           	PUSH	0
   187 00000189                                 L61:
   188 00000189 8B 4F 10                        	MOV	ECX,DWORD [16+EDI]
   189 0000018C 89 C8                           	MOV	EAX,ECX
   190 0000018E 03 47 08                        	ADD	EAX,DWORD [8+EDI]
   191 00000191 50                              	PUSH	EAX
   192 00000192 8B 57 0C                        	MOV	EDX,DWORD [12+EDI]
   193 00000195 89 D0                           	MOV	EAX,EDX
   194 00000197 03 47 04                        	ADD	EAX,DWORD [4+EDI]
   195 0000019A 50                              	PUSH	EAX
   196 0000019B 51                              	PUSH	ECX
   197 0000019C 52                              	PUSH	EDX
   198 0000019D 56                              	PUSH	ESI
   199 0000019E E8 000000D5                     	CALL	_sheet_refreshsub
   200 000001A3 83 C4 34                        	ADD	ESP,52
   201 000001A6                                 L23:
   202 000001A6 8D 65 F4                        	LEA	ESP,DWORD [-12+EBP]
   203 000001A9 5B                              	POP	EBX
   204 000001AA 5E                              	POP	ESI
   205 000001AB 5F                              	POP	EDI
   206 000001AC 5D                              	POP	EBP
   207 000001AD C3                              	RET
   208 000001AE                                 L27:
   209 000001AE 8B 46 10                        	MOV	EAX,DWORD [16+ESI]
   210 000001B1 3B 45 F0                        	CMP	EAX,DWORD [-16+EBP]
   211 000001B4 7E 18                           	JLE	L34
   212 000001B6 8B 4D F0                        	MOV	ECX,DWORD [-16+EBP]
   213 000001B9 39 C1                           	CMP	ECX,EAX
   214 000001BB 7D 11                           	JGE	L34
   215 000001BD                                 L39:
   216 000001BD 8B 44 8E 18                     	MOV	EAX,DWORD [24+ESI+ECX*4]
   217 000001C1 89 44 8E 14                     	MOV	DWORD [20+ESI+ECX*4],EAX
   218 000001C5 89 48 18                        	MOV	DWORD [24+EAX],ECX
   219 000001C8 41                              	INC	ECX
   220 000001C9 3B 4E 10                        	CMP	ECX,DWORD [16+ESI]
   221 000001CC 7C EF                           	JL	L39
   222 000001CE                                 L34:
   223 000001CE FF 4E 10                        	DEC	DWORD [16+ESI]
   224 000001D1 EB 93                           	JMP	L33
   225 000001D3                                 L26:
   226 000001D3 39 5D F0                        	CMP	DWORD [-16+EBP],EBX
   227 000001D6 7D CE                           	JGE	L23
   228 000001D8 83 7D F0 00                     	CMP	DWORD [-16+EBP],0
   229 000001DC 78 3D                           	JS	L42
   230 000001DE 8B 4D F0                        	MOV	ECX,DWORD [-16+EBP]
   231 000001E1 39 D9                           	CMP	ECX,EBX
   232 000001E3 7D 10                           	JGE	L58
   233 000001E5                                 L47:
   234 000001E5 8B 44 8E 18                     	MOV	EAX,DWORD [24+ESI+ECX*4]
   235 000001E9 89 44 8E 14                     	MOV	DWORD [20+ESI+ECX*4],EAX
   236 000001ED 89 48 18                        	MOV	DWORD [24+EAX],ECX
   237 000001F0 41                              	INC	ECX
   238 000001F1 39 D9                           	CMP	ECX,EBX
   239 000001F3 7C F0                           	JL	L47
   240 000001F5                                 L58:
   241 000001F5 89 7C 9E 14                     	MOV	DWORD [20+ESI+EBX*4],EDI
   242 000001F9                                 L48:
   243 000001F9 53                              	PUSH	EBX
   244 000001FA 8B 4F 10                        	MOV	ECX,DWORD [16+EDI]
   245 000001FD 89 C8                           	MOV	EAX,ECX
   246 000001FF 03 47 08                        	ADD	EAX,DWORD [8+EDI]
   247 00000202 50                              	PUSH	EAX
   248 00000203 8B 57 0C                        	MOV	EDX,DWORD [12+EDI]
   249 00000206 89 D0                           	MOV	EAX,EDX
   250 00000208 03 47 04                        	ADD	EAX,DWORD [4+EDI]
   251 0000020B 50                              	PUSH	EAX
   252 0000020C 51                              	PUSH	ECX
   253 0000020D 52                              	PUSH	EDX
   254 0000020E 56                              	PUSH	ESI
   255 0000020F E8 000001C7                     	CALL	_sheet_refreshmap
   256 00000214 53                              	PUSH	EBX
   257 00000215 53                              	PUSH	EBX
   258 00000216 E9 FFFFFF6E                     	JMP	L61
   259 0000021B                                 L42:
   260 0000021B 8B 4E 10                        	MOV	ECX,DWORD [16+ESI]
   261 0000021E 39 D9                           	CMP	ECX,EBX
   262 00000220 7C 13                           	JL	L60
   263 00000222                                 L53:
   264 00000222 8B 54 8E 14                     	MOV	EDX,DWORD [20+ESI+ECX*4]
   265 00000226 8D 41 01                        	LEA	EAX,DWORD [1+ECX]
   266 00000229 89 54 8E 18                     	MOV	DWORD [24+ESI+ECX*4],EDX
   267 0000022D 49                              	DEC	ECX
   268 0000022E 89 42 18                        	MOV	DWORD [24+EDX],EAX
   269 00000231 39 D9                           	CMP	ECX,EBX
   270 00000233 7D ED                           	JGE	L53
   271 00000235                                 L60:
   272 00000235 89 7C 9E 14                     	MOV	DWORD [20+ESI+EBX*4],EDI
   273 00000239 FF 46 10                        	INC	DWORD [16+ESI]
   274 0000023C EB BB                           	JMP	L48
   275 0000023E                                 	GLOBAL	_sheet_refresh
   276 0000023E                                 _sheet_refresh:
   277 0000023E 55                              	PUSH	EBP
   278 0000023F 89 E5                           	MOV	EBP,ESP
   279 00000241 53                              	PUSH	EBX
   280 00000242 8B 5D 08                        	MOV	EBX,DWORD [8+EBP]
   281 00000245 8B 43 18                        	MOV	EAX,DWORD [24+EBX]
   282 00000248 85 C0                           	TEST	EAX,EAX
   283 0000024A 78 27                           	JS	L62
   284 0000024C 50                              	PUSH	EAX
   285 0000024D 50                              	PUSH	EAX
   286 0000024E 8B 4B 10                        	MOV	ECX,DWORD [16+EBX]
   287 00000251 89 C8                           	MOV	EAX,ECX
   288 00000253 03 4D 10                        	ADD	ECX,DWORD [16+EBP]
   289 00000256 03 45 18                        	ADD	EAX,DWORD [24+EBP]
   290 00000259 50                              	PUSH	EAX
   291 0000025A 8B 53 0C                        	MOV	EDX,DWORD [12+EBX]
   292 0000025D 89 D0                           	MOV	EAX,EDX
   293 0000025F 03 55 0C                        	ADD	EDX,DWORD [12+EBP]
   294 00000262 03 45 14                        	ADD	EAX,DWORD [20+EBP]
   295 00000265 50                              	PUSH	EAX
   296 00000266 51                              	PUSH	ECX
   297 00000267 52                              	PUSH	EDX
   298 00000268 FF 73 20                        	PUSH	DWORD [32+EBX]
   299 0000026B E8 00000008                     	CALL	_sheet_refreshsub
   300 00000270 83 C4 1C                        	ADD	ESP,28
   301 00000273                                 L62:
   302 00000273 8B 5D FC                        	MOV	EBX,DWORD [-4+EBP]
   303 00000276 C9                              	LEAVE
   304 00000277 C3                              	RET
   305 00000278                                 	GLOBAL	_sheet_refreshsub
   306 00000278                                 _sheet_refreshsub:
   307 00000278 55                              	PUSH	EBP
   308 00000279 89 E5                           	MOV	EBP,ESP
   309 0000027B 57                              	PUSH	EDI
   310 0000027C 56                              	PUSH	ESI
   311 0000027D 53                              	PUSH	EBX
   312 0000027E 83 EC 2C                        	SUB	ESP,44
   313 00000281 8B 45 08                        	MOV	EAX,DWORD [8+EBP]
   314 00000284 8B 55 08                        	MOV	EDX,DWORD [8+EBP]
   315 00000287 83 7D 0C 00                     	CMP	DWORD [12+EBP],0
   316 0000028B 8B 00                           	MOV	EAX,DWORD [EAX]
   317 0000028D 8B 52 04                        	MOV	EDX,DWORD [4+EDX]
   318 00000290 89 45 DC                        	MOV	DWORD [-36+EBP],EAX
   319 00000293 89 55 D8                        	MOV	DWORD [-40+EBP],EDX
   320 00000296 0F 88 00000133                  	JS	L95
   321 0000029C                                 L65:
   322 0000029C 83 7D 10 00                     	CMP	DWORD [16+EBP],0
   323 000002A0 0F 88 0000011D                  	JS	L96
   324 000002A6                                 L66:
   325 000002A6 8B 75 08                        	MOV	ESI,DWORD [8+EBP]
   326 000002A9 8B 46 08                        	MOV	EAX,DWORD [8+ESI]
   327 000002AC 39 45 14                        	CMP	DWORD [20+EBP],EAX
   328 000002AF 7E 03                           	JLE	L67
   329 000002B1 89 45 14                        	MOV	DWORD [20+EBP],EAX
   330 000002B4                                 L67:
   331 000002B4 8B 7D 08                        	MOV	EDI,DWORD [8+EBP]
   332 000002B7 8B 47 0C                        	MOV	EAX,DWORD [12+EDI]
   333 000002BA 39 45 18                        	CMP	DWORD [24+EBP],EAX
   334 000002BD 7E 03                           	JLE	L68
   335 000002BF 89 45 18                        	MOV	DWORD [24+EBP],EAX
   336 000002C2                                 L68:
   337 000002C2 8B 45 1C                        	MOV	EAX,DWORD [28+EBP]
   338 000002C5 8B 55 20                        	MOV	EDX,DWORD [32+EBP]
   339 000002C8 89 45 F0                        	MOV	DWORD [-16+EBP],EAX
   340 000002CB 39 D0                           	CMP	EAX,EDX
   341 000002CD 0F 8F 000000BC                  	JG	L90
   342 000002D3                                 L88:
   343 000002D3 8B 7D 08                        	MOV	EDI,DWORD [8+EBP]
   344 000002D6 8B 75 F0                        	MOV	ESI,DWORD [-16+EBP]
   345 000002D9 8B 4D 10                        	MOV	ECX,DWORD [16+EBP]
   346 000002DC 8B 5C B7 14                     	MOV	EBX,DWORD [20+EDI+ESI*4]
   347 000002E0 8B 75 14                        	MOV	ESI,DWORD [20+EBP]
   348 000002E3 8B 03                           	MOV	EAX,DWORD [EBX]
   349 000002E5 8B 53 10                        	MOV	EDX,DWORD [16+EBX]
   350 000002E8 89 45 E0                        	MOV	DWORD [-32+EBP],EAX
   351 000002EB 29 D1                           	SUB	ECX,EDX
   352 000002ED 89 D8                           	MOV	EAX,EBX
   353 000002EF 29 F8                           	SUB	EAX,EDI
   354 000002F1 8B 7D 18                        	MOV	EDI,DWORD [24+EBP]
   355 000002F4 2D 00000414                     	SUB	EAX,1044
   356 000002F9 29 D7                           	SUB	EDI,EDX
   357 000002FB C1 F8 02                        	SAR	EAX,2
   358 000002FE 8B 55 0C                        	MOV	EDX,DWORD [12+EBP]
   359 00000301 69 C0 38E38E39                  	IMUL	EAX,EAX,954437177
   360 00000307 88 45 D7                        	MOV	BYTE [-41+EBP],AL
   361 0000030A 89 7D C8                        	MOV	DWORD [-56+EBP],EDI
   362 0000030D 8B 43 0C                        	MOV	EAX,DWORD [12+EBX]
   363 00000310 29 C6                           	SUB	ESI,EAX
   364 00000312 29 C2                           	SUB	EDX,EAX
   365 00000314 89 75 E4                        	MOV	DWORD [-28+EBP],ESI
   366 00000317 89 55 E8                        	MOV	DWORD [-24+EBP],EDX
   367 0000031A 0F 88 00000097                  	JS	L97
   368 00000320                                 L73:
   369 00000320 85 C9                           	TEST	ECX,ECX
   370 00000322 0F 88 00000088                  	JS	L98
   371 00000328                                 L74:
   372 00000328 8B 43 04                        	MOV	EAX,DWORD [4+EBX]
   373 0000032B 39 45 E4                        	CMP	DWORD [-28+EBP],EAX
   374 0000032E 7E 03                           	JLE	L75
   375 00000330 89 45 E4                        	MOV	DWORD [-28+EBP],EAX
   376 00000333                                 L75:
   377 00000333 8B 43 08                        	MOV	EAX,DWORD [8+EBX]
   378 00000336 39 45 C8                        	CMP	DWORD [-56+EBP],EAX
   379 00000339 7E 03                           	JLE	L76
   380 0000033B 89 45 C8                        	MOV	DWORD [-56+EBP],EAX
   381 0000033E                                 L76:
   382 0000033E 89 CE                           	MOV	ESI,ECX
   383 00000340 3B 4D C8                        	CMP	ECX,DWORD [-56+EBP]
   384 00000343 7D 3B                           	JGE	L92
   385 00000345                                 L87:
   386 00000345 8B 7B 10                        	MOV	EDI,DWORD [16+EBX]
   387 00000348 8B 4D E8                        	MOV	ECX,DWORD [-24+EBP]
   388 0000034B 01 F7                           	ADD	EDI,ESI
   389 0000034D 3B 4D E4                        	CMP	ECX,DWORD [-28+EBP]
   390 00000350 89 7D EC                        	MOV	DWORD [-20+EBP],EDI
   391 00000353 7D 25                           	JGE	L94
   392 00000355                                 L86:
   393 00000355 8B 55 08                        	MOV	EDX,DWORD [8+EBP]
   394 00000358 8B 7D EC                        	MOV	EDI,DWORD [-20+EBP]
   395 0000035B 8B 43 0C                        	MOV	EAX,DWORD [12+EBX]
   396 0000035E 0F AF 7A 08                     	IMUL	EDI,DWORD [8+EDX]
   397 00000362 01 C8                           	ADD	EAX,ECX
   398 00000364 8A 55 D7                        	MOV	DL,BYTE [-41+EBP]
   399 00000367 01 F8                           	ADD	EAX,EDI
   400 00000369 8B 7D D8                        	MOV	EDI,DWORD [-40+EBP]
   401 0000036C 89 45 CC                        	MOV	DWORD [-52+EBP],EAX
   402 0000036F 38 14 38                        	CMP	BYTE [EAX+EDI*1],DL
   403 00000372 74 23                           	JE	L99
   404 00000374                                 L83:
   405 00000374 41                              	INC	ECX
   406 00000375 3B 4D E4                        	CMP	ECX,DWORD [-28+EBP]
   407 00000378 7C DB                           	JL	L86
   408 0000037A                                 L94:
   409 0000037A 46                              	INC	ESI
   410 0000037B 3B 75 C8                        	CMP	ESI,DWORD [-56+EBP]
   411 0000037E 7C C5                           	JL	L87
   412 00000380                                 L92:
   413 00000380 8B 75 20                        	MOV	ESI,DWORD [32+EBP]
   414 00000383 FF 45 F0                        	INC	DWORD [-16+EBP]
   415 00000386 39 75 F0                        	CMP	DWORD [-16+EBP],ESI
   416 00000389 0F 8E FFFFFF44                  	JLE	L88
   417 0000038F                                 L90:
   418 0000038F 83 C4 2C                        	ADD	ESP,44
   419 00000392 5B                              	POP	EBX
   420 00000393 5E                              	POP	ESI
   421 00000394 5F                              	POP	EDI
   422 00000395 5D                              	POP	EBP
   423 00000396 C3                              	RET
   424 00000397                                 L99:
   425 00000397 89 F0                           	MOV	EAX,ESI
   426 00000399 8B 55 E0                        	MOV	EDX,DWORD [-32+EBP]
   427 0000039C 0F AF 43 04                     	IMUL	EAX,DWORD [4+EBX]
   428 000003A0 01 C8                           	ADD	EAX,ECX
   429 000003A2 8B 7D DC                        	MOV	EDI,DWORD [-36+EBP]
   430 000003A5 8A 04 10                        	MOV	AL,BYTE [EAX+EDX*1]
   431 000003A8 8B 55 CC                        	MOV	EDX,DWORD [-52+EBP]
   432 000003AB 88 04 3A                        	MOV	BYTE [EDX+EDI*1],AL
   433 000003AE EB C4                           	JMP	L83
   434 000003B0                                 L98:
   435 000003B0 31 C9                           	XOR	ECX,ECX
   436 000003B2 E9 FFFFFF71                     	JMP	L74
   437 000003B7                                 L97:
   438 000003B7 C7 45 E8 00000000               	MOV	DWORD [-24+EBP],0
   439 000003BE E9 FFFFFF5D                     	JMP	L73
   440 000003C3                                 L96:
   441 000003C3 C7 45 10 00000000               	MOV	DWORD [16+EBP],0
   442 000003CA E9 FFFFFED7                     	JMP	L66
   443 000003CF                                 L95:
   444 000003CF C7 45 0C 00000000               	MOV	DWORD [12+EBP],0
   445 000003D6 E9 FFFFFEC1                     	JMP	L65
   446 000003DB                                 	GLOBAL	_sheet_refreshmap
   447 000003DB                                 _sheet_refreshmap:
   448 000003DB 55                              	PUSH	EBP
   449 000003DC 89 E5                           	MOV	EBP,ESP
   450 000003DE 57                              	PUSH	EDI
   451 000003DF 56                              	PUSH	ESI
   452 000003E0 53                              	PUSH	EBX
   453 000003E1 83 EC 28                        	SUB	ESP,40
   454 000003E4 8B 45 08                        	MOV	EAX,DWORD [8+EBP]
   455 000003E7 83 7D 0C 00                     	CMP	DWORD [12+EBP],0
   456 000003EB 8B 40 04                        	MOV	EAX,DWORD [4+EAX]
   457 000003EE 89 45 D8                        	MOV	DWORD [-40+EBP],EAX
   458 000003F1 0F 88 00000135                  	JS	L131
   459 000003F7                                 L101:
   460 000003F7 83 7D 10 00                     	CMP	DWORD [16+EBP],0
   461 000003FB 0F 88 0000011F                  	JS	L132
   462 00000401                                 L102:
   463 00000401 8B 55 08                        	MOV	EDX,DWORD [8+EBP]
   464 00000404 8B 42 08                        	MOV	EAX,DWORD [8+EDX]
   465 00000407 39 45 14                        	CMP	DWORD [20+EBP],EAX
   466 0000040A 7E 03                           	JLE	L103
   467 0000040C 89 45 14                        	MOV	DWORD [20+EBP],EAX
   468 0000040F                                 L103:
   469 0000040F 8B 75 08                        	MOV	ESI,DWORD [8+EBP]
   470 00000412 8B 46 0C                        	MOV	EAX,DWORD [12+ESI]
   471 00000415 39 45 18                        	CMP	DWORD [24+EBP],EAX
   472 00000418 7E 03                           	JLE	L104
   473 0000041A 89 45 18                        	MOV	DWORD [24+EBP],EAX
   474 0000041D                                 L104:
   475 0000041D 8B 45 08                        	MOV	EAX,DWORD [8+EBP]
   476 00000420 8B 7D 1C                        	MOV	EDI,DWORD [28+EBP]
   477 00000423 89 7D F0                        	MOV	DWORD [-16+EBP],EDI
   478 00000426 3B 78 10                        	CMP	EDI,DWORD [16+EAX]
   479 00000429 0F 8F 000000D6                  	JG	L126
   480 0000042F                                 L124:
   481 0000042F 8B 75 08                        	MOV	ESI,DWORD [8+EBP]
   482 00000432 8B 55 F0                        	MOV	EDX,DWORD [-16+EBP]
   483 00000435 8B 5D 10                        	MOV	EBX,DWORD [16+EBP]
   484 00000438 8B 4C 96 14                     	MOV	ECX,DWORD [20+ESI+EDX*4]
   485 0000043C 89 C8                           	MOV	EAX,ECX
   486 0000043E 29 F0                           	SUB	EAX,ESI
   487 00000440 8B 39                           	MOV	EDI,DWORD [ECX]
   488 00000442 2D 00000414                     	SUB	EAX,1044
   489 00000447 8B 51 10                        	MOV	EDX,DWORD [16+ECX]
   490 0000044A C1 F8 02                        	SAR	EAX,2
   491 0000044D 89 7D E0                        	MOV	DWORD [-32+EBP],EDI
   492 00000450 69 C0 38E38E39                  	IMUL	EAX,EAX,954437177
   493 00000456 8B 7D 18                        	MOV	EDI,DWORD [24+EBP]
   494 00000459 29 D3                           	SUB	EBX,EDX
   495 0000045B 29 D7                           	SUB	EDI,EDX
   496 0000045D 88 45 DF                        	MOV	BYTE [-33+EBP],AL
   497 00000460 8B 75 14                        	MOV	ESI,DWORD [20+EBP]
   498 00000463 8B 55 0C                        	MOV	EDX,DWORD [12+EBP]
   499 00000466 8B 41 0C                        	MOV	EAX,DWORD [12+ECX]
   500 00000469 89 7D D4                        	MOV	DWORD [-44+EBP],EDI
   501 0000046C 29 C6                           	SUB	ESI,EAX
   502 0000046E 29 C2                           	SUB	EDX,EAX
   503 00000470 89 75 CC                        	MOV	DWORD [-52+EBP],ESI
   504 00000473 89 55 E4                        	MOV	DWORD [-28+EBP],EDX
   505 00000476 0F 88 00000098                  	JS	L133
   506 0000047C                                 L109:
   507 0000047C 85 DB                           	TEST	EBX,EBX
   508 0000047E 0F 88 00000089                  	JS	L134
   509 00000484                                 L110:
   510 00000484 8B 41 04                        	MOV	EAX,DWORD [4+ECX]
   511 00000487 39 45 CC                        	CMP	DWORD [-52+EBP],EAX
   512 0000048A 7E 03                           	JLE	L111
   513 0000048C 89 45 CC                        	MOV	DWORD [-52+EBP],EAX
   514 0000048F                                 L111:
   515 0000048F 8B 41 08                        	MOV	EAX,DWORD [8+ECX]
   516 00000492 39 45 D4                        	CMP	DWORD [-44+EBP],EAX
   517 00000495 7E 03                           	JLE	L112
   518 00000497 89 45 D4                        	MOV	DWORD [-44+EBP],EAX
   519 0000049A                                 L112:
   520 0000049A 3B 5D D4                        	CMP	EBX,DWORD [-44+EBP]
   521 0000049D 7D 54                           	JGE	L128
   522 0000049F                                 L123:
   523 0000049F 8B 71 10                        	MOV	ESI,DWORD [16+ECX]
   524 000004A2 8B 55 E4                        	MOV	EDX,DWORD [-28+EBP]
   525 000004A5 01 DE                           	ADD	ESI,EBX
   526 000004A7 3B 55 CC                        	CMP	EDX,DWORD [-52+EBP]
   527 000004AA 89 75 E8                        	MOV	DWORD [-24+EBP],ESI
   528 000004AD 7D 3E                           	JGE	L130
   529 000004AF                                 L122:
   530 000004AF 89 D8                           	MOV	EAX,EBX
   531 000004B1 8B 79 0C                        	MOV	EDI,DWORD [12+ECX]
   532 000004B4 0F AF 41 04                     	IMUL	EAX,DWORD [4+ECX]
   533 000004B8 01 D7                           	ADD	EDI,EDX
   534 000004BA 8B 75 E0                        	MOV	ESI,DWORD [-32+EBP]
   535 000004BD 01 D0                           	ADD	EAX,EDX
   536 000004BF 89 7D EC                        	MOV	DWORD [-20+EBP],EDI
   537 000004C2 0F B6 34 30                     	MOVZX	ESI,BYTE [EAX+ESI*1]
   538 000004C6 3B 71 14                        	CMP	ESI,DWORD [20+ECX]
   539 000004C9 74 1C                           	JE	L119
   540 000004CB 8B 7D 08                        	MOV	EDI,DWORD [8+EBP]
   541 000004CE 8B 45 E8                        	MOV	EAX,DWORD [-24+EBP]
   542 000004D1 8B 75 D8                        	MOV	ESI,DWORD [-40+EBP]
   543 000004D4 0F AF 47 08                     	IMUL	EAX,DWORD [8+EDI]
   544 000004D8 03 45 EC                        	ADD	EAX,DWORD [-20+EBP]
   545 000004DB 89 45 D0                        	MOV	DWORD [-48+EBP],EAX
   546 000004DE 8A 45 DF                        	MOV	AL,BYTE [-33+EBP]
   547 000004E1 8B 7D D0                        	MOV	EDI,DWORD [-48+EBP]
   548 000004E4 88 04 37                        	MOV	BYTE [EDI+ESI*1],AL
   549 000004E7                                 L119:
   550 000004E7 42                              	INC	EDX
   551 000004E8 3B 55 CC                        	CMP	EDX,DWORD [-52+EBP]
   552 000004EB 7C C2                           	JL	L122
   553 000004ED                                 L130:
   554 000004ED 43                              	INC	EBX
   555 000004EE 3B 5D D4                        	CMP	EBX,DWORD [-44+EBP]
   556 000004F1 7C AC                           	JL	L123
   557 000004F3                                 L128:
   558 000004F3 8B 55 08                        	MOV	EDX,DWORD [8+EBP]
   559 000004F6 FF 45 F0                        	INC	DWORD [-16+EBP]
   560 000004F9 8B 45 F0                        	MOV	EAX,DWORD [-16+EBP]
   561 000004FC 3B 42 10                        	CMP	EAX,DWORD [16+EDX]
   562 000004FF 0F 8E FFFFFF2A                  	JLE	L124
   563 00000505                                 L126:
   564 00000505 83 C4 28                        	ADD	ESP,40
   565 00000508 5B                              	POP	EBX
   566 00000509 5E                              	POP	ESI
   567 0000050A 5F                              	POP	EDI
   568 0000050B 5D                              	POP	EBP
   569 0000050C C3                              	RET
   570 0000050D                                 L134:
   571 0000050D 31 DB                           	XOR	EBX,EBX
   572 0000050F E9 FFFFFF70                     	JMP	L110
   573 00000514                                 L133:
   574 00000514 C7 45 E4 00000000               	MOV	DWORD [-28+EBP],0
   575 0000051B E9 FFFFFF5C                     	JMP	L109
   576 00000520                                 L132:
   577 00000520 C7 45 10 00000000               	MOV	DWORD [16+EBP],0
   578 00000527 E9 FFFFFED5                     	JMP	L102
   579 0000052C                                 L131:
   580 0000052C C7 45 0C 00000000               	MOV	DWORD [12+EBP],0
   581 00000533 E9 FFFFFEBF                     	JMP	L101
   582 00000538                                 	GLOBAL	_sheet_slide
   583 00000538                                 _sheet_slide:
   584 00000538 55                              	PUSH	EBP
   585 00000539 89 E5                           	MOV	EBP,ESP
   586 0000053B 57                              	PUSH	EDI
   587 0000053C 56                              	PUSH	ESI
   588 0000053D 53                              	PUSH	EBX
   589 0000053E 53                              	PUSH	EBX
   590 0000053F 8B 5D 08                        	MOV	EBX,DWORD [8+EBP]
   591 00000542 8B 43 20                        	MOV	EAX,DWORD [32+EBX]
   592 00000545 8B 7B 0C                        	MOV	EDI,DWORD [12+EBX]
   593 00000548 89 45 F0                        	MOV	DWORD [-16+EBP],EAX
   594 0000054B 8B 73 10                        	MOV	ESI,DWORD [16+EBX]
   595 0000054E 8B 45 0C                        	MOV	EAX,DWORD [12+EBP]
   596 00000551 89 43 0C                        	MOV	DWORD [12+EBX],EAX
   597 00000554 8B 45 10                        	MOV	EAX,DWORD [16+EBP]
   598 00000557 89 43 10                        	MOV	DWORD [16+EBX],EAX
   599 0000055A 83 7B 18 00                     	CMP	DWORD [24+EBX],0
   600 0000055E 78 7C                           	JS	L135
   601 00000560 6A 00                           	PUSH	0
   602 00000562 89 F0                           	MOV	EAX,ESI
   603 00000564 03 43 08                        	ADD	EAX,DWORD [8+EBX]
   604 00000567 50                              	PUSH	EAX
   605 00000568 89 F8                           	MOV	EAX,EDI
   606 0000056A 03 43 04                        	ADD	EAX,DWORD [4+EBX]
   607 0000056D 50                              	PUSH	EAX
   608 0000056E 56                              	PUSH	ESI
   609 0000056F 57                              	PUSH	EDI
   610 00000570 FF 75 F0                        	PUSH	DWORD [-16+EBP]
   611 00000573 E8 FFFFFE63                     	CALL	_sheet_refreshmap
   612 00000578 8B 45 10                        	MOV	EAX,DWORD [16+EBP]
   613 0000057B FF 73 18                        	PUSH	DWORD [24+EBX]
   614 0000057E 03 43 08                        	ADD	EAX,DWORD [8+EBX]
   615 00000581 50                              	PUSH	EAX
   616 00000582 8B 45 0C                        	MOV	EAX,DWORD [12+EBP]
   617 00000585 03 43 04                        	ADD	EAX,DWORD [4+EBX]
   618 00000588 50                              	PUSH	EAX
   619 00000589 FF 75 10                        	PUSH	DWORD [16+EBP]
   620 0000058C FF 75 0C                        	PUSH	DWORD [12+EBP]
   621 0000058F FF 75 F0                        	PUSH	DWORD [-16+EBP]
   622 00000592 E8 FFFFFE44                     	CALL	_sheet_refreshmap
   623 00000597 8B 43 18                        	MOV	EAX,DWORD [24+EBX]
   624 0000059A 83 C4 30                        	ADD	ESP,48
   625 0000059D 48                              	DEC	EAX
   626 0000059E 50                              	PUSH	EAX
   627 0000059F 89 F0                           	MOV	EAX,ESI
   628 000005A1 6A 00                           	PUSH	0
   629 000005A3 03 43 08                        	ADD	EAX,DWORD [8+EBX]
   630 000005A6 50                              	PUSH	EAX
   631 000005A7 89 F8                           	MOV	EAX,EDI
   632 000005A9 03 43 04                        	ADD	EAX,DWORD [4+EBX]
   633 000005AC 50                              	PUSH	EAX
   634 000005AD 56                              	PUSH	ESI
   635 000005AE 57                              	PUSH	EDI
   636 000005AF FF 73 20                        	PUSH	DWORD [32+EBX]
   637 000005B2 E8 FFFFFCC1                     	CALL	_sheet_refreshsub
   638 000005B7 8B 45 10                        	MOV	EAX,DWORD [16+EBP]
   639 000005BA FF 73 18                        	PUSH	DWORD [24+EBX]
   640 000005BD FF 73 18                        	PUSH	DWORD [24+EBX]
   641 000005C0 03 43 08                        	ADD	EAX,DWORD [8+EBX]
   642 000005C3 50                              	PUSH	EAX
   643 000005C4 8B 45 0C                        	MOV	EAX,DWORD [12+EBP]
   644 000005C7 03 43 04                        	ADD	EAX,DWORD [4+EBX]
   645 000005CA 50                              	PUSH	EAX
   646 000005CB FF 75 10                        	PUSH	DWORD [16+EBP]
   647 000005CE FF 75 0C                        	PUSH	DWORD [12+EBP]
   648 000005D1 FF 73 20                        	PUSH	DWORD [32+EBX]
   649 000005D4 E8 FFFFFC9F                     	CALL	_sheet_refreshsub
   650 000005D9 83 C4 38                        	ADD	ESP,56
   651 000005DC                                 L135:
   652 000005DC 8D 65 F4                        	LEA	ESP,DWORD [-12+EBP]
   653 000005DF 5B                              	POP	EBX
   654 000005E0 5E                              	POP	ESI
   655 000005E1 5F                              	POP	EDI
   656 000005E2 5D                              	POP	EBP
   657 000005E3 C3                              	RET
   658 000005E4                                 	GLOBAL	_sheet_free
   659 000005E4                                 _sheet_free:
   660 000005E4 55                              	PUSH	EBP
   661 000005E5 89 E5                           	MOV	EBP,ESP
   662 000005E7 53                              	PUSH	EBX
   663 000005E8 8B 5D 08                        	MOV	EBX,DWORD [8+EBP]
   664 000005EB 83 7B 18 00                     	CMP	DWORD [24+EBX],0
   665 000005EF 78 0A                           	JS	L138
   666 000005F1 6A FF                           	PUSH	-1
   667 000005F3 53                              	PUSH	EBX
   668 000005F4 E8 FFFFFADD                     	CALL	_sheet_updown
   669 000005F9 58                              	POP	EAX
   670 000005FA 5A                              	POP	EDX
   671 000005FB                                 L138:
   672 000005FB C7 43 1C 00000000               	MOV	DWORD [28+EBX],0
   673 00000602 8B 5D FC                        	MOV	EBX,DWORD [-4+EBP]
   674 00000605 C9                              	LEAVE
   675 00000606 C3                              	RET
